[debug] [2022-09-12T23:53:47.571Z] ----------------------------------------------------------------------
[debug] [2022-09-12T23:53:47.575Z] Command:       C:\Program Files\nodejs\node.exe C:\Users\WIN10\AppData\Roaming\npm\node_modules\firebase-tools\lib\bin\firebase.js init hosting
[debug] [2022-09-12T23:53:47.576Z] CLI Version:   11.8.1
[debug] [2022-09-12T23:53:47.576Z] Platform:      win32
[debug] [2022-09-12T23:53:47.576Z] Node Version:  v16.13.0
[debug] [2022-09-12T23:53:47.579Z] Time:          Mon Sep 12 2022 19:53:47 GMT-0400 (Eastern Daylight Time)
[debug] [2022-09-12T23:53:47.580Z] ----------------------------------------------------------------------
[debug] 
[debug] [2022-09-12T23:53:47.747Z] > command requires scopes: ["email","openid","https://www.googleapis.com/auth/cloudplatformprojects.readonly","https://www.googleapis.com/auth/firebase","https://www.googleapis.com/auth/cloud-platform"]
[debug] [2022-09-12T23:53:47.749Z] > authorizing via signed-in user (kar221694@gmail.com)
[info] 
     ######## #### ########  ######## ########     ###     ######  ########
     ##        ##  ##     ## ##       ##     ##  ##   ##  ##       ##
     ######    ##  ########  ######   ########  #########  ######  ######
     ##        ##  ##    ##  ##       ##     ## ##     ##       ## ##
     ##       #### ##     ## ######## ########  ##     ##  ######  ########

You're about to initialize a Firebase project in this directory:

  C:\Users\WIN10\Desktop\ToDo\todo-app

Before we get started, keep in mind:

  * You are initializing within an existing Firebase project directory

[info] 
=== Project Setup
[info] 
[info] First, let's associate this project directory with a Firebase project.
[info] You can create multiple project aliases by running firebase use --add, 
[info] but for now we'll just set up a default project.
[info] 
[debug] [2022-09-12T23:54:20.734Z] Using project from CLI flag: todo-app-7d0e8
[debug] [2022-09-12T23:54:20.743Z] >>> [apiv2][query] GET https://firebase.googleapis.com/v1beta1/projects/todo-app-7d0e8 [none]
[debug] [2022-09-12T23:54:21.765Z] <<< [apiv2][status] GET https://firebase.googleapis.com/v1beta1/projects/todo-app-7d0e8 200
[debug] [2022-09-12T23:54:21.766Z] <<< [apiv2][body] GET https://firebase.googleapis.com/v1beta1/projects/todo-app-7d0e8 {"projectId":"todo-app-7d0e8","projectNumber":"787127992846","displayName":"todo-app","name":"projects/todo-app-7d0e8","resources":{"hostingSite":"todo-app-7d0e8","storageBucket":"todo-app-7d0e8.appspot.com","locationId":"us-central"},"state":"ACTIVE","etag":"1_2e88233d-8ef9-4008-9ffc-44623b14bc27"}
[info] i  Using project todo-app-7d0e8 (todo-app) 
[info] 
=== Hosting Setup
[info] 
[info] Your public directory is the folder (relative to your project directory) that
[info] will contain Hosting assets to be uploaded with firebase deploy. If you
[info] have a build process for your assets, use your build's output directory.
[info] 
[debug] [2022-09-12T23:54:36.985Z] >>> [apiv2][query] GET https://www.gstatic.com/firebasejs/releases.json [none]
[debug] [2022-09-12T23:54:37.230Z] <<< [apiv2][status] GET https://www.gstatic.com/firebasejs/releases.json 200
[debug] [2022-09-12T23:54:37.230Z] <<< [apiv2][body] GET https://www.gstatic.com/firebasejs/releases.json {"current":{"version":"9.9.4","browserURL":"https://www.gstatic.com/firebasejs/9.9.4/firebase.js","packageURL":"https://www.gstatic.com/firebasejs/9.9.4/firebase.tgz"},"live":{"version":"9.9","browserURL":"https://www.gstatic.com/firebasejs/live/9.9/firebase.js","packageURL":"https://www.gstatic.com/firebasejs/live/9.9/firebase.tgz"},"components":{"analytics":"https://www.gstatic.com/firebasejs/9.9.4/firebase-analytics.js","app":"https://www.gstatic.com/firebasejs/9.9.4/firebase-app.js","app-check":"https://www.gstatic.com/firebasejs/9.9.4/firebase-app-check.js","auth":"https://www.gstatic.com/firebasejs/9.9.4/firebase-auth.js","auth/cordova":"https://www.gstatic.com/firebasejs/9.9.4/firebase-auth/cordova.js","auth/react-native":"https://www.gstatic.com/firebasejs/9.9.4/firebase-auth/react-native.js","functions":"https://www.gstatic.com/firebasejs/9.9.4/firebase-functions.js","firestore":"https://www.gstatic.com/firebasejs/9.9.4/firebase-firestore.js","firestore/lite":"https://www.gstatic.com/firebasejs/9.9.4/firebase-firestore/lite.js","installations":"https://www.gstatic.com/firebasejs/9.9.4/firebase-installations.js","storage":"https://www.gstatic.com/firebasejs/9.9.4/firebase-storage.js","performance":"https://www.gstatic.com/firebasejs/9.9.4/firebase-performance.js","remote-config":"https://www.gstatic.com/firebasejs/9.9.4/firebase-remote-config.js","messaging":"https://www.gstatic.com/firebasejs/9.9.4/firebase-messaging.js","messaging/sw":"https://www.gstatic.com/firebasejs/9.9.4/firebase-messaging/sw.js","database":"https://www.gstatic.com/firebasejs/9.9.4/firebase-database.js","firestore.memory":"https://www.gstatic.com/firebasejs/9.9.4/firebase-firestore.memory.js"}}
[info] i  Skipping write of public/index.html 
[info] 
[info] i  Detected a .git folder at C:\Users\WIN10\Desktop\ToDo\todo-app 
[info] i  Authorizing with GitHub to upload your service account to a GitHub repository's secrets store. 
[info] 
[info] Visit this URL on this device to log in:
[info] https://github.com/login/oauth/authorize?client_id=89cf50f02ac6aaed3484&state=412783349&redirect_uri=http%3A%2F%2Flocalhost%3A9005&scope=read%3Auser%20repo%20public_repo
[info] 
[info] Waiting for authentication...
[debug] [2022-09-12T23:54:43.722Z] >>> [apiv2][query] POST https://github.com/login/oauth/access_token [none]
[debug] [2022-09-12T23:54:43.722Z] >>> [apiv2][body] POST https://github.com/login/oauth/access_token [stream]
[debug] [2022-09-12T23:54:44.265Z] <<< [apiv2][status] POST https://github.com/login/oauth/access_token 200
[debug] [2022-09-12T23:54:44.266Z] <<< [apiv2][body] POST https://github.com/login/oauth/access_token {"access_token":"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","token_type":"bearer","scope":"read:user,repo"}
[debug] [2022-09-12T23:54:44.280Z] >>> [apiv2][query] GET https://api.github.com/user [none]
[debug] [2022-09-12T23:54:44.867Z] <<< [apiv2][status] GET https://api.github.com/user 200
[debug] [2022-09-12T23:54:44.867Z] <<< [apiv2][body] GET https://api.github.com/user {"login":"karthik123karthik","id":84716922,"node_id":"MDQ6VXNlcjg0NzE2OTIy","avatar_url":"https://avatars.githubusercontent.com/u/84716922?v=4","gravatar_id":"","url":"https://api.github.com/users/karthik123karthik","html_url":"https://github.com/karthik123karthik","followers_url":"https://api.github.com/users/karthik123karthik/followers","following_url":"https://api.github.com/users/karthik123karthik/following{/other_user}","gists_url":"https://api.github.com/users/karthik123karthik/gists{/gist_id}","starred_url":"https://api.github.com/users/karthik123karthik/starred{/owner}{/repo}","subscriptions_url":"https://api.github.com/users/karthik123karthik/subscriptions","organizations_url":"https://api.github.com/users/karthik123karthik/orgs","repos_url":"https://api.github.com/users/karthik123karthik/repos","events_url":"https://api.github.com/users/karthik123karthik/events{/privacy}","received_events_url":"https://api.github.com/users/karthik123karthik/received_events","type":"User","site_admin":false,"name":"Karthik G K","company":null,"blog":"","location":null,"email":null,"hireable":null,"bio":null,"twitter_username":null,"public_repos":22,"public_gists":0,"followers":3,"following":4,"created_at":"2021-05-24T11:51:58Z","updated_at":"2022-09-04T01:02:56Z","private_gists":0,"total_private_repos":1,"owned_private_repos":1,"disk_usage":25305,"collaborators":0,"two_factor_authentication":false,"plan":{"name":"free","space":976562499,"collaborators":0,"private_repos":10000}}
[info] 
[info] +  Success! Logged into GitHub as karthik123karthik 
[info] 
